[2023-12-14T20:16:01.662+0500] {taskinstance.py:1159} INFO - Dependencies all met for dep_context=non-requeueable deps ti=<TaskInstance: youtube_comments_score.train_model manual__2023-12-14T15:11:43.101129+00:00 [queued]>
[2023-12-14T20:16:01.676+0500] {taskinstance.py:1159} INFO - Dependencies all met for dep_context=requeueable deps ti=<TaskInstance: youtube_comments_score.train_model manual__2023-12-14T15:11:43.101129+00:00 [queued]>
[2023-12-14T20:16:01.676+0500] {taskinstance.py:1361} INFO - Starting attempt 1 of 2
[2023-12-14T20:16:01.699+0500] {taskinstance.py:1382} INFO - Executing <Task(BashOperator): train_model> on 2023-12-14 15:11:43.101129+00:00
[2023-12-14T20:16:01.707+0500] {standard_task_runner.py:57} INFO - Started process 4901 to run task
[2023-12-14T20:16:01.713+0500] {standard_task_runner.py:84} INFO - Running: ['airflow', 'tasks', 'run', 'youtube_comments_score', 'train_model', 'manual__2023-12-14T15:11:43.101129+00:00', '--job-id', '27', '--raw', '--subdir', 'DAGS_FOLDER/youtube_comments_score.py', '--cfg-path', '/tmp/tmp4fnji2hw']
[2023-12-14T20:16:01.716+0500] {standard_task_runner.py:85} INFO - Job 27: Subtask train_model
[2023-12-14T20:16:01.948+0500] {task_command.py:416} INFO - Running <TaskInstance: youtube_comments_score.train_model manual__2023-12-14T15:11:43.101129+00:00 [running]> on host ml-vb
[2023-12-14T20:16:02.341+0500] {taskinstance.py:1662} INFO - Exporting env vars: AIRFLOW_CTX_DAG_OWNER='admin' AIRFLOW_CTX_DAG_ID='youtube_comments_score' AIRFLOW_CTX_TASK_ID='train_model' AIRFLOW_CTX_EXECUTION_DATE='2023-12-14T15:11:43.101129+00:00' AIRFLOW_CTX_TRY_NUMBER='1' AIRFLOW_CTX_DAG_RUN_ID='manual__2023-12-14T15:11:43.101129+00:00'
[2023-12-14T20:16:02.345+0500] {subprocess.py:63} INFO - Tmp dir root location: /tmp
[2023-12-14T20:16:02.346+0500] {subprocess.py:75} INFO - Running command: ['/usr/bin/bash', '-c', 'python3 /home/ml/project/flow/scripts/train_model.py']
[2023-12-14T20:16:02.368+0500] {subprocess.py:86} INFO - Output:
[2023-12-14T20:17:52.059+0500] {subprocess.py:93} INFO - Registered model 'lr' already exists. Creating a new version of this model...
[2023-12-14T20:17:52.090+0500] {subprocess.py:93} INFO - 2023/12/14 20:17:52 INFO mlflow.store.model_registry.abstract_store: Waiting up to 300 seconds for model version to finish creation. Model name: lr, version 5
[2023-12-14T20:17:52.648+0500] {subprocess.py:93} INFO - Created version '5' of model 'lr'.
[2023-12-14T20:17:52.648+0500] {subprocess.py:93} INFO - /home/ml/project/flow/env/lib/python3.8/site-packages/sklearn/base.py:1152: DataConversionWarning: A column-vector y was passed when a 1d array was expected. Please change the shape of y to (n_samples,), for example using ravel().
[2023-12-14T20:17:52.649+0500] {subprocess.py:93} INFO -   return fit_method(estimator, *args, **kwargs)
[2023-12-14T20:17:53.285+0500] {subprocess.py:97} INFO - Command exited with return code 0
[2023-12-14T20:17:53.511+0500] {taskinstance.py:1400} INFO - Marking task as SUCCESS. dag_id=youtube_comments_score, task_id=train_model, execution_date=20231214T151143, start_date=20231214T151601, end_date=20231214T151753
[2023-12-14T20:17:53.561+0500] {local_task_job_runner.py:228} INFO - Task exited with return code 0
[2023-12-14T20:17:53.648+0500] {taskinstance.py:2778} INFO - 1 downstream tasks scheduled from follow-on schedule check
