[2023-12-14T23:23:04.668+0500] {taskinstance.py:1159} INFO - Dependencies all met for dep_context=non-requeueable deps ti=<TaskInstance: youtube_comments_score.train_model manual__2023-12-14T18:21:51.077452+00:00 [queued]>
[2023-12-14T23:23:04.682+0500] {taskinstance.py:1159} INFO - Dependencies all met for dep_context=requeueable deps ti=<TaskInstance: youtube_comments_score.train_model manual__2023-12-14T18:21:51.077452+00:00 [queued]>
[2023-12-14T23:23:04.683+0500] {taskinstance.py:1361} INFO - Starting attempt 1 of 2
[2023-12-14T23:23:04.707+0500] {taskinstance.py:1382} INFO - Executing <Task(BashOperator): train_model> on 2023-12-14 18:21:51.077452+00:00
[2023-12-14T23:23:04.717+0500] {standard_task_runner.py:57} INFO - Started process 46140 to run task
[2023-12-14T23:23:04.724+0500] {standard_task_runner.py:84} INFO - Running: ['airflow', 'tasks', 'run', 'youtube_comments_score', 'train_model', 'manual__2023-12-14T18:21:51.077452+00:00', '--job-id', '116', '--raw', '--subdir', 'DAGS_FOLDER/youtube_comments_score.py', '--cfg-path', '/tmp/tmpgycps1yp']
[2023-12-14T23:23:04.727+0500] {standard_task_runner.py:85} INFO - Job 116: Subtask train_model
[2023-12-14T23:23:04.966+0500] {task_command.py:416} INFO - Running <TaskInstance: youtube_comments_score.train_model manual__2023-12-14T18:21:51.077452+00:00 [running]> on host ml-vb
[2023-12-14T23:23:05.333+0500] {taskinstance.py:1662} INFO - Exporting env vars: AIRFLOW_CTX_DAG_OWNER='admin' AIRFLOW_CTX_DAG_ID='youtube_comments_score' AIRFLOW_CTX_TASK_ID='train_model' AIRFLOW_CTX_EXECUTION_DATE='2023-12-14T18:21:51.077452+00:00' AIRFLOW_CTX_TRY_NUMBER='1' AIRFLOW_CTX_DAG_RUN_ID='manual__2023-12-14T18:21:51.077452+00:00'
[2023-12-14T23:23:05.336+0500] {subprocess.py:63} INFO - Tmp dir root location: /tmp
[2023-12-14T23:23:05.337+0500] {subprocess.py:75} INFO - Running command: ['/usr/bin/bash', '-c', 'python3 /home/ml/project/flow/scripts/train_model.py']
[2023-12-14T23:23:05.359+0500] {subprocess.py:86} INFO - Output:
[2023-12-14T23:23:40.971+0500] {subprocess.py:93} INFO - Registered model 'lr' already exists. Creating a new version of this model...
[2023-12-14T23:23:40.971+0500] {subprocess.py:93} INFO - 2023/12/14 23:23:40 INFO mlflow.store.model_registry.abstract_store: Waiting up to 300 seconds for model version to finish creation. Model name: lr, version 26
[2023-12-14T23:23:41.543+0500] {subprocess.py:93} INFO - Created version '26' of model 'lr'.
[2023-12-14T23:23:41.544+0500] {subprocess.py:93} INFO - /home/ml/project/flow/env/lib/python3.8/site-packages/sklearn/base.py:1152: DataConversionWarning: A column-vector y was passed when a 1d array was expected. Please change the shape of y to (n_samples,), for example using ravel().
[2023-12-14T23:23:41.544+0500] {subprocess.py:93} INFO -   return fit_method(estimator, *args, **kwargs)
[2023-12-14T23:23:42.176+0500] {subprocess.py:97} INFO - Command exited with return code 0
[2023-12-14T23:23:42.437+0500] {taskinstance.py:1400} INFO - Marking task as SUCCESS. dag_id=youtube_comments_score, task_id=train_model, execution_date=20231214T182151, start_date=20231214T182304, end_date=20231214T182342
[2023-12-14T23:23:42.513+0500] {local_task_job_runner.py:228} INFO - Task exited with return code 0
[2023-12-14T23:23:42.656+0500] {taskinstance.py:2778} INFO - 1 downstream tasks scheduled from follow-on schedule check
