[2023-12-14T23:24:51.971+0500] {taskinstance.py:1159} INFO - Dependencies all met for dep_context=non-requeueable deps ti=<TaskInstance: youtube_comments_score.get_data manual__2023-12-14T18:24:44.343388+00:00 [queued]>
[2023-12-14T23:24:51.986+0500] {taskinstance.py:1159} INFO - Dependencies all met for dep_context=requeueable deps ti=<TaskInstance: youtube_comments_score.get_data manual__2023-12-14T18:24:44.343388+00:00 [queued]>
[2023-12-14T23:24:51.987+0500] {taskinstance.py:1361} INFO - Starting attempt 1 of 2
[2023-12-14T23:24:52.010+0500] {taskinstance.py:1382} INFO - Executing <Task(BashOperator): get_data> on 2023-12-14 18:24:44.343388+00:00
[2023-12-14T23:24:52.018+0500] {standard_task_runner.py:57} INFO - Started process 46602 to run task
[2023-12-14T23:24:52.025+0500] {standard_task_runner.py:84} INFO - Running: ['airflow', 'tasks', 'run', 'youtube_comments_score', 'get_data', 'manual__2023-12-14T18:24:44.343388+00:00', '--job-id', '118', '--raw', '--subdir', 'DAGS_FOLDER/youtube_comments_score.py', '--cfg-path', '/tmp/tmpr2bhn8cm']
[2023-12-14T23:24:52.029+0500] {standard_task_runner.py:85} INFO - Job 118: Subtask get_data
[2023-12-14T23:24:52.310+0500] {task_command.py:416} INFO - Running <TaskInstance: youtube_comments_score.get_data manual__2023-12-14T18:24:44.343388+00:00 [running]> on host ml-vb
[2023-12-14T23:24:52.737+0500] {taskinstance.py:1662} INFO - Exporting env vars: AIRFLOW_CTX_DAG_OWNER='admin' AIRFLOW_CTX_DAG_ID='youtube_comments_score' AIRFLOW_CTX_TASK_ID='get_data' AIRFLOW_CTX_EXECUTION_DATE='2023-12-14T18:24:44.343388+00:00' AIRFLOW_CTX_TRY_NUMBER='1' AIRFLOW_CTX_DAG_RUN_ID='manual__2023-12-14T18:24:44.343388+00:00'
[2023-12-14T23:24:52.741+0500] {subprocess.py:63} INFO - Tmp dir root location: /tmp
[2023-12-14T23:24:52.742+0500] {subprocess.py:75} INFO - Running command: ['/usr/bin/bash', '-c', 'python3 /home/ml/project/flow/scripts/get_data.py']
[2023-12-14T23:24:52.775+0500] {subprocess.py:86} INFO - Output:
[2023-12-14T23:25:00.662+0500] {subprocess.py:93} INFO - Traceback (most recent call last):
[2023-12-14T23:25:00.663+0500] {subprocess.py:93} INFO -   File "/home/ml/project/flow/scripts/get_data.py", line 36, in <module>
[2023-12-14T23:25:00.663+0500] {subprocess.py:93} INFO -     for item in data['items']:
[2023-12-14T23:25:00.663+0500] {subprocess.py:93} INFO - KeyError: 'items'
[2023-12-14T23:25:01.022+0500] {subprocess.py:97} INFO - Command exited with return code 1
[2023-12-14T23:25:01.095+0500] {taskinstance.py:1937} ERROR - Task failed with exception
Traceback (most recent call last):
  File "/home/ml/project/flow/env/lib/python3.8/site-packages/airflow/operators/bash.py", line 210, in execute
    raise AirflowException(
airflow.exceptions.AirflowException: Bash command failed. The command returned a non-zero exit code 1.
[2023-12-14T23:25:01.140+0500] {taskinstance.py:1400} INFO - Marking task as UP_FOR_RETRY. dag_id=youtube_comments_score, task_id=get_data, execution_date=20231214T182444, start_date=20231214T182451, end_date=20231214T182501
[2023-12-14T23:25:01.165+0500] {standard_task_runner.py:104} ERROR - Failed to execute job 118 for task get_data (Bash command failed. The command returned a non-zero exit code 1.; 46602)
[2023-12-14T23:25:01.194+0500] {local_task_job_runner.py:228} INFO - Task exited with return code 1
[2023-12-14T23:25:01.305+0500] {taskinstance.py:2778} INFO - 0 downstream tasks scheduled from follow-on schedule check
