[2023-12-14T21:58:20.039+0500] {taskinstance.py:1159} INFO - Dependencies all met for dep_context=non-requeueable deps ti=<TaskInstance: youtube_comments_score.train_model manual__2023-12-14T16:50:12.509263+00:00 [queued]>
[2023-12-14T21:58:20.061+0500] {taskinstance.py:1159} INFO - Dependencies all met for dep_context=requeueable deps ti=<TaskInstance: youtube_comments_score.train_model manual__2023-12-14T16:50:12.509263+00:00 [queued]>
[2023-12-14T21:58:20.062+0500] {taskinstance.py:1361} INFO - Starting attempt 1 of 2
[2023-12-14T21:58:20.092+0500] {taskinstance.py:1382} INFO - Executing <Task(BashOperator): train_model> on 2023-12-14 16:50:12.509263+00:00
[2023-12-14T21:58:20.104+0500] {standard_task_runner.py:57} INFO - Started process 27032 to run task
[2023-12-14T21:58:20.110+0500] {standard_task_runner.py:84} INFO - Running: ['airflow', 'tasks', 'run', 'youtube_comments_score', 'train_model', 'manual__2023-12-14T16:50:12.509263+00:00', '--job-id', '60', '--raw', '--subdir', 'DAGS_FOLDER/youtube_comments_score.py', '--cfg-path', '/tmp/tmphzoup33n']
[2023-12-14T21:58:20.113+0500] {standard_task_runner.py:85} INFO - Job 60: Subtask train_model
[2023-12-14T21:58:20.390+0500] {task_command.py:416} INFO - Running <TaskInstance: youtube_comments_score.train_model manual__2023-12-14T16:50:12.509263+00:00 [running]> on host ml-vb
[2023-12-14T21:58:20.812+0500] {taskinstance.py:1662} INFO - Exporting env vars: AIRFLOW_CTX_DAG_OWNER='admin' AIRFLOW_CTX_DAG_ID='youtube_comments_score' AIRFLOW_CTX_TASK_ID='train_model' AIRFLOW_CTX_EXECUTION_DATE='2023-12-14T16:50:12.509263+00:00' AIRFLOW_CTX_TRY_NUMBER='1' AIRFLOW_CTX_DAG_RUN_ID='manual__2023-12-14T16:50:12.509263+00:00'
[2023-12-14T21:58:20.815+0500] {subprocess.py:63} INFO - Tmp dir root location: /tmp
[2023-12-14T21:58:20.816+0500] {subprocess.py:75} INFO - Running command: ['/usr/bin/bash', '-c', 'python3 /home/ml/project/flow/scripts/train_model.py']
[2023-12-14T21:58:20.843+0500] {subprocess.py:86} INFO - Output:
[2023-12-14T21:58:38.533+0500] {subprocess.py:93} INFO - Registered model 'lr' already exists. Creating a new version of this model...
[2023-12-14T21:58:38.533+0500] {subprocess.py:93} INFO - 2023/12/14 21:58:38 INFO mlflow.store.model_registry.abstract_store: Waiting up to 300 seconds for model version to finish creation. Model name: lr, version 10
[2023-12-14T21:58:38.989+0500] {subprocess.py:93} INFO - Created version '10' of model 'lr'.
[2023-12-14T21:58:38.989+0500] {subprocess.py:93} INFO - /home/ml/project/flow/env/lib/python3.8/site-packages/sklearn/base.py:1152: DataConversionWarning: A column-vector y was passed when a 1d array was expected. Please change the shape of y to (n_samples,), for example using ravel().
[2023-12-14T21:58:38.990+0500] {subprocess.py:93} INFO -   return fit_method(estimator, *args, **kwargs)
[2023-12-14T21:58:39.768+0500] {subprocess.py:97} INFO - Command exited with return code 0
[2023-12-14T21:58:40.024+0500] {taskinstance.py:1400} INFO - Marking task as SUCCESS. dag_id=youtube_comments_score, task_id=train_model, execution_date=20231214T165012, start_date=20231214T165820, end_date=20231214T165840
[2023-12-14T21:58:40.079+0500] {local_task_job_runner.py:228} INFO - Task exited with return code 0
[2023-12-14T21:58:40.222+0500] {taskinstance.py:2778} INFO - 1 downstream tasks scheduled from follow-on schedule check
